<?xml version="1.0" encoding="UTF-8"?>
<testsuite xmlns:xsi="http://www.w3.org/2001/XMLSchema-instance" xsi:noNamespaceSchemaLocation="https://maven.apache.org/surefire/maven-surefire-plugin/xsd/surefire-test-report-3.0.xsd" version="3.0" name="runner.TestRunner" time="6.265" tests="1" errors="0" skipped="0" failures="0">
  <properties>
[...]
</properties>
  <testcase name="To Send a GET Request" classname="To send a GET Request" time="5.867">
    <system-out><![CDATA[
Scenario Outline: To Send a GET Request              # src/test/java/features/Sample.feature:10
  Given user sets up the base uri                    # StepDefinations.CommonStepDefination.user_sets_up_the_base_uri()
  When user sends a GET request to endpoint "/posts" # StepDefinations.CommonStepDefination.user_sends_a_get_request_to_endpoint(java.lang.String)
  Then user receives response code as 200            # StepDefinations.CommonStepDefination.user_recieves_response_code_as(java.lang.Integer)
  And user validates the response body as JSON       # StepDefinations.CommonStepDefination.user_validates_the_response_body_as_json()
Finished Scenario: To Send a GET Request
]]></system-out>
    <system-err><![CDATA[ERROR StatusLogger Log4j2 could not find a logging implementation. Please add log4j-core to the classpath. Using SimpleLogger to log to the console...
SLF4J(W): Class path contains multiple SLF4J providers.
SLF4J(W): Found provider [org.slf4j.simple.SimpleServiceProvider@fc807c1]
SLF4J(W): Found provider [org.slf4j.reload4j.Reload4jServiceProvider@296e281a]
SLF4J(W): See https://www.slf4j.org/codes.html#multiple_bindings for an explanation.
SLF4J(I): Actual provider is of type [org.slf4j.simple.SimpleServiceProvider@fc807c1]
log4j:WARN No appenders could be found for logger (StepDefinations.CommonStepDefination).
log4j:WARN Please initialize the log4j system properly.
log4j:WARN See http://logging.apache.org/log4j/1.2/faq.html#noconfig for more info.
]]></system-err>
  </testcase>
</testsuite>